{"C:\\Users\\teh_z\\awx\\broccoli-co\\postcss.config.js": {"path":"C:\\Users\\teh_z\\awx\\broccoli-co\\postcss.config.js","all":true,"statementMap":{"0":{"start":{"line":1,"column":0},"end":{"line":1,"column":16}},"1":{"start":{"line":2,"column":0},"end":{"line":2,"column":12}},"2":{"start":{"line":3,"column":0},"end":{"line":3,"column":20}},"3":{"start":{"line":4,"column":0},"end":{"line":4,"column":21}},"4":{"start":{"line":5,"column":0},"end":{"line":5,"column":4}},"5":{"start":{"line":6,"column":0},"end":{"line":6,"column":1}}},"s":{"0":0,"1":0,"2":0,"3":0,"4":0,"5":0},"branchMap":{"0":{"type":"branch","line":1,"loc":{"start":{"line":1,"column":0},"end":{"line":6,"column":-11}},"locations":[{"start":{"line":1,"column":0},"end":{"line":6,"column":-11}}]}},"b":{"0":[0]},"fnMap":{"0":{"name":"(empty-report)","decl":{"start":{"line":1,"column":0},"end":{"line":6,"column":-11}},"loc":{"start":{"line":1,"column":0},"end":{"line":6,"column":-11}},"line":1}},"f":{"0":0}}
,"C:\\Users\\teh_z\\awx\\broccoli-co\\tailwind.config.js": {"path":"C:\\Users\\teh_z\\awx\\broccoli-co\\tailwind.config.js","all":true,"statementMap":{"0":{"start":{"line":1,"column":0},"end":{"line":1,"column":43}},"1":{"start":{"line":2,"column":0},"end":{"line":2,"column":16}},"2":{"start":{"line":3,"column":0},"end":{"line":3,"column":58}},"3":{"start":{"line":4,"column":0},"end":{"line":4,"column":10}},"4":{"start":{"line":5,"column":0},"end":{"line":5,"column":13}},"5":{"start":{"line":6,"column":0},"end":{"line":6,"column":17}},"6":{"start":{"line":7,"column":0},"end":{"line":7,"column":28}},"7":{"start":{"line":8,"column":0},"end":{"line":8,"column":30}},"8":{"start":{"line":9,"column":0},"end":{"line":9,"column":28}},"9":{"start":{"line":10,"column":0},"end":{"line":10,"column":31}},"10":{"start":{"line":11,"column":0},"end":{"line":11,"column":29}},"11":{"start":{"line":12,"column":0},"end":{"line":12,"column":29}},"12":{"start":{"line":13,"column":0},"end":{"line":13,"column":26}},"13":{"start":{"line":14,"column":0},"end":{"line":14,"column":34}},"14":{"start":{"line":15,"column":0},"end":{"line":15,"column":8}},"15":{"start":{"line":16,"column":0},"end":{"line":16,"column":6}},"16":{"start":{"line":17,"column":0},"end":{"line":17,"column":4}},"17":{"start":{"line":18,"column":0},"end":{"line":18,"column":14}},"18":{"start":{"line":19,"column":0},"end":{"line":19,"column":2}}},"s":{"0":0,"1":0,"2":0,"3":0,"4":0,"5":0,"6":0,"7":0,"8":0,"9":0,"10":0,"11":0,"12":0,"13":0,"14":0,"15":0,"16":0,"17":0,"18":0},"branchMap":{"0":{"type":"branch","line":1,"loc":{"start":{"line":1,"column":0},"end":{"line":19,"column":-13}},"locations":[{"start":{"line":1,"column":0},"end":{"line":19,"column":-13}}]}},"b":{"0":[0]},"fnMap":{"0":{"name":"(empty-report)","decl":{"start":{"line":1,"column":0},"end":{"line":19,"column":-13}},"loc":{"start":{"line":1,"column":0},"end":{"line":19,"column":-13}},"line":1}},"f":{"0":0}}
,"C:\\Users\\teh_z\\awx\\broccoli-co\\src\\App.tsx": {"path":"C:\\Users\\teh_z\\awx\\broccoli-co\\src\\App.tsx","all":false,"statementMap":{"0":{"start":{"line":1,"column":0},"end":{"line":1,"column":19}},"1":{"start":{"line":2,"column":0},"end":{"line":2,"column":40}},"2":{"start":{"line":3,"column":0},"end":{"line":3,"column":46}},"3":{"start":{"line":4,"column":0},"end":{"line":4,"column":62}},"5":{"start":{"line":6,"column":0},"end":{"line":6,"column":16}},"6":{"start":{"line":7,"column":0},"end":{"line":7,"column":35}},"8":{"start":{"line":9,"column":0},"end":{"line":9,"column":10}},"9":{"start":{"line":10,"column":0},"end":{"line":10,"column":48}},"10":{"start":{"line":11,"column":0},"end":{"line":11,"column":42}},"12":{"start":{"line":13,"column":0},"end":{"line":13,"column":61}},"13":{"start":{"line":14,"column":0},"end":{"line":14,"column":29}},"14":{"start":{"line":15,"column":0},"end":{"line":15,"column":13}},"16":{"start":{"line":17,"column":0},"end":{"line":17,"column":42}},"17":{"start":{"line":18,"column":0},"end":{"line":18,"column":10}},"19":{"start":{"line":20,"column":0},"end":{"line":20,"column":1}},"21":{"start":{"line":22,"column":0},"end":{"line":22,"column":19}}},"s":{"0":1,"1":1,"2":1,"3":1,"5":1,"6":1,"8":1,"9":1,"10":1,"12":1,"13":1,"14":1,"16":1,"17":1,"19":1,"21":1},"branchMap":{"0":{"type":"branch","line":6,"loc":{"start":{"line":6,"column":0},"end":{"line":20,"column":1}},"locations":[{"start":{"line":6,"column":0},"end":{"line":20,"column":1}}]}},"b":{"0":[1]},"fnMap":{"0":{"name":"App","decl":{"start":{"line":6,"column":0},"end":{"line":20,"column":1}},"loc":{"start":{"line":6,"column":0},"end":{"line":20,"column":1}},"line":6}},"f":{"0":1}}
,"C:\\Users\\teh_z\\awx\\broccoli-co\\src\\main.tsx": {"path":"C:\\Users\\teh_z\\awx\\broccoli-co\\src\\main.tsx","all":true,"statementMap":{"0":{"start":{"line":1,"column":0},"end":{"line":1,"column":34}},"1":{"start":{"line":2,"column":0},"end":{"line":2,"column":45}},"2":{"start":{"line":3,"column":0},"end":{"line":3,"column":20}},"3":{"start":{"line":4,"column":0},"end":{"line":4,"column":27}},"5":{"start":{"line":6,"column":0},"end":{"line":6,"column":52}},"6":{"start":{"line":7,"column":0},"end":{"line":7,"column":14}},"7":{"start":{"line":8,"column":0},"end":{"line":8,"column":11}},"8":{"start":{"line":9,"column":0},"end":{"line":9,"column":16}},"9":{"start":{"line":10,"column":0},"end":{"line":10,"column":1}}},"s":{"0":0,"1":0,"2":0,"3":0,"5":0,"6":0,"7":0,"8":0,"9":0},"branchMap":{"0":{"type":"branch","line":1,"loc":{"start":{"line":1,"column":203},"end":{"line":10,"column":-148}},"locations":[{"start":{"line":1,"column":203},"end":{"line":10,"column":-148}}]}},"b":{"0":[0]},"fnMap":{"0":{"name":"(empty-report)","decl":{"start":{"line":1,"column":203},"end":{"line":10,"column":-148}},"loc":{"start":{"line":1,"column":203},"end":{"line":10,"column":-148}},"line":1}},"f":{"0":0}}
,"C:\\Users\\teh_z\\awx\\broccoli-co\\src\\common\\constants.ts": {"path":"C:\\Users\\teh_z\\awx\\broccoli-co\\src\\common\\constants.ts","all":false,"statementMap":{"0":{"start":{"line":1,"column":0},"end":{"line":1,"column":45}}},"s":{"0":1},"branchMap":{},"b":{},"fnMap":{},"f":{}}
,"C:\\Users\\teh_z\\awx\\broccoli-co\\src\\common\\index.ts": {"path":"C:\\Users\\teh_z\\awx\\broccoli-co\\src\\common\\index.ts","all":false,"statementMap":{"0":{"start":{"line":1,"column":0},"end":{"line":1,"column":43}}},"s":{"0":1},"branchMap":{},"b":{},"fnMap":{},"f":{}}
,"C:\\Users\\teh_z\\awx\\broccoli-co\\src\\components\\Button.tsx": {"path":"C:\\Users\\teh_z\\awx\\broccoli-co\\src\\components\\Button.tsx","all":false,"statementMap":{"0":{"start":{"line":1,"column":0},"end":{"line":1,"column":36}},"25":{"start":{"line":26,"column":0},"end":{"line":26,"column":24}},"26":{"start":{"line":27,"column":0},"end":{"line":27,"column":11}},"27":{"start":{"line":28,"column":0},"end":{"line":28,"column":10}},"28":{"start":{"line":29,"column":0},"end":{"line":29,"column":10}},"29":{"start":{"line":30,"column":0},"end":{"line":30,"column":18}},"30":{"start":{"line":31,"column":0},"end":{"line":31,"column":8}},"31":{"start":{"line":32,"column":0},"end":{"line":32,"column":33}},"32":{"start":{"line":33,"column":0},"end":{"line":33,"column":114}},"33":{"start":{"line":34,"column":0},"end":{"line":34,"column":66}},"34":{"start":{"line":35,"column":0},"end":{"line":35,"column":46}},"35":{"start":{"line":36,"column":0},"end":{"line":36,"column":117}},"36":{"start":{"line":37,"column":0},"end":{"line":37,"column":71}},"38":{"start":{"line":39,"column":0},"end":{"line":39,"column":29}},"39":{"start":{"line":40,"column":0},"end":{"line":40,"column":24}},"40":{"start":{"line":41,"column":0},"end":{"line":41,"column":16}},"41":{"start":{"line":42,"column":0},"end":{"line":42,"column":4}},"43":{"start":{"line":44,"column":0},"end":{"line":44,"column":10}},"44":{"start":{"line":45,"column":0},"end":{"line":45,"column":68}},"45":{"start":{"line":46,"column":0},"end":{"line":46,"column":16}},"46":{"start":{"line":47,"column":0},"end":{"line":47,"column":30}},"47":{"start":{"line":48,"column":0},"end":{"line":48,"column":13}},"49":{"start":{"line":50,"column":0},"end":{"line":50,"column":2}}},"s":{"0":1,"25":1,"26":47,"27":47,"28":47,"29":47,"30":47,"31":47,"32":47,"33":47,"34":47,"35":47,"36":47,"38":47,"39":10,"40":9,"41":10,"43":47,"44":47,"45":47,"46":47,"47":47,"49":47},"branchMap":{"0":{"type":"branch","line":26,"loc":{"start":{"line":26,"column":22},"end":{"line":50,"column":2}},"locations":[{"start":{"line":26,"column":22},"end":{"line":50,"column":2}}]},"1":{"type":"branch","line":33,"loc":{"start":{"line":33,"column":85},"end":{"line":33,"column":104}},"locations":[{"start":{"line":33,"column":85},"end":{"line":33,"column":104}}]},"2":{"type":"branch","line":33,"loc":{"start":{"line":33,"column":93},"end":{"line":33,"column":111}},"locations":[{"start":{"line":33,"column":93},"end":{"line":33,"column":111}}]},"3":{"type":"branch","line":35,"loc":{"start":{"line":35,"column":17},"end":{"line":35,"column":43}},"locations":[{"start":{"line":35,"column":17},"end":{"line":35,"column":43}}]},"4":{"type":"branch","line":35,"loc":{"start":{"line":35,"column":27},"end":{"line":35,"column":46}},"locations":[{"start":{"line":35,"column":27},"end":{"line":35,"column":46}}]},"5":{"type":"branch","line":47,"loc":{"start":{"line":47,"column":7},"end":{"line":47,"column":30}},"locations":[{"start":{"line":47,"column":7},"end":{"line":47,"column":30}}]},"6":{"type":"branch","line":39,"loc":{"start":{"line":39,"column":22},"end":{"line":42,"column":4}},"locations":[{"start":{"line":39,"column":22},"end":{"line":42,"column":4}}]},"7":{"type":"branch","line":40,"loc":{"start":{"line":40,"column":17},"end":{"line":41,"column":16}},"locations":[{"start":{"line":40,"column":17},"end":{"line":41,"column":16}}]},"8":{"type":"branch","line":40,"loc":{"start":{"line":40,"column":17},"end":{"line":40,"column":24}},"locations":[{"start":{"line":40,"column":17},"end":{"line":40,"column":24}}]},"9":{"type":"branch","line":41,"loc":{"start":{"line":41,"column":4},"end":{"line":41,"column":16}},"locations":[{"start":{"line":41,"column":4},"end":{"line":41,"column":16}}]}},"b":{"0":[47],"1":[38],"2":[9],"3":[6],"4":[41],"5":[6],"6":[10],"7":[9],"8":[1],"9":[2]},"fnMap":{"0":{"name":"Button","decl":{"start":{"line":26,"column":22},"end":{"line":50,"column":2}},"loc":{"start":{"line":26,"column":22},"end":{"line":50,"column":2}},"line":26},"1":{"name":"handleClick","decl":{"start":{"line":39,"column":22},"end":{"line":42,"column":4}},"loc":{"start":{"line":39,"column":22},"end":{"line":42,"column":4}},"line":39}},"f":{"0":47,"1":10}}
,"C:\\Users\\teh_z\\awx\\broccoli-co\\src\\components\\Footer.tsx": {"path":"C:\\Users\\teh_z\\awx\\broccoli-co\\src\\components\\Footer.tsx","all":false,"statementMap":{"0":{"start":{"line":1,"column":0},"end":{"line":1,"column":69}},"1":{"start":{"line":2,"column":0},"end":{"line":2,"column":50}},"2":{"start":{"line":3,"column":0},"end":{"line":3,"column":44}},"3":{"start":{"line":4,"column":0},"end":{"line":4,"column":52}},"4":{"start":{"line":5,"column":0},"end":{"line":5,"column":54}},"5":{"start":{"line":6,"column":0},"end":{"line":6,"column":10}},"6":{"start":{"line":7,"column":0},"end":{"line":7,"column":10}},"7":{"start":{"line":8,"column":0},"end":{"line":8,"column":11}}},"s":{"0":1,"1":3,"2":3,"3":3,"4":3,"5":3,"6":3,"7":3},"branchMap":{"0":{"type":"branch","line":1,"loc":{"start":{"line":1,"column":22},"end":{"line":8,"column":11}},"locations":[{"start":{"line":1,"column":22},"end":{"line":8,"column":11}}]}},"b":{"0":[3]},"fnMap":{"0":{"name":"Footer","decl":{"start":{"line":1,"column":22},"end":{"line":8,"column":11}},"loc":{"start":{"line":1,"column":22},"end":{"line":8,"column":11}},"line":1}},"f":{"0":3}}
,"C:\\Users\\teh_z\\awx\\broccoli-co\\src\\components\\Header.tsx": {"path":"C:\\Users\\teh_z\\awx\\broccoli-co\\src\\components\\Header.tsx","all":false,"statementMap":{"0":{"start":{"line":1,"column":0},"end":{"line":1,"column":42}},"2":{"start":{"line":3,"column":0},"end":{"line":3,"column":69}},"3":{"start":{"line":4,"column":0},"end":{"line":4,"column":10}},"4":{"start":{"line":5,"column":0},"end":{"line":5,"column":62}},"5":{"start":{"line":6,"column":0},"end":{"line":6,"column":61}},"6":{"start":{"line":7,"column":0},"end":{"line":7,"column":72}},"7":{"start":{"line":8,"column":0},"end":{"line":8,"column":55}},"8":{"start":{"line":9,"column":0},"end":{"line":9,"column":37}},"9":{"start":{"line":10,"column":0},"end":{"line":10,"column":13}},"10":{"start":{"line":11,"column":0},"end":{"line":11,"column":12}},"11":{"start":{"line":12,"column":0},"end":{"line":12,"column":13}},"13":{"start":{"line":14,"column":0},"end":{"line":14,"column":2}}},"s":{"0":1,"2":1,"3":3,"4":3,"5":3,"6":3,"7":3,"8":3,"9":3,"10":3,"11":3,"13":3},"branchMap":{"0":{"type":"branch","line":3,"loc":{"start":{"line":3,"column":22},"end":{"line":14,"column":2}},"locations":[{"start":{"line":3,"column":22},"end":{"line":14,"column":2}}]}},"b":{"0":[3]},"fnMap":{"0":{"name":"Header","decl":{"start":{"line":3,"column":22},"end":{"line":14,"column":2}},"loc":{"start":{"line":3,"column":22},"end":{"line":14,"column":2}},"line":3}},"f":{"0":3}}
,"C:\\Users\\teh_z\\awx\\broccoli-co\\src\\components\\IconButton.tsx": {"path":"C:\\Users\\teh_z\\awx\\broccoli-co\\src\\components\\IconButton.tsx","all":false,"statementMap":{"5":{"start":{"line":6,"column":0},"end":{"line":6,"column":51}},"6":{"start":{"line":7,"column":0},"end":{"line":7,"column":38}},"7":{"start":{"line":8,"column":0},"end":{"line":8,"column":38}},"9":{"start":{"line":10,"column":0},"end":{"line":10,"column":15}},"10":{"start":{"line":11,"column":0},"end":{"line":11,"column":71}},"11":{"start":{"line":12,"column":0},"end":{"line":12,"column":51}},"13":{"start":{"line":14,"column":0},"end":{"line":14,"column":10}},"14":{"start":{"line":15,"column":0},"end":{"line":15,"column":52}},"15":{"start":{"line":16,"column":0},"end":{"line":16,"column":16}},"16":{"start":{"line":17,"column":0},"end":{"line":17,"column":13}},"18":{"start":{"line":19,"column":0},"end":{"line":19,"column":2}}},"s":{"5":1,"6":22,"7":22,"9":22,"10":22,"11":22,"13":22,"14":22,"15":22,"16":22,"18":22},"branchMap":{"0":{"type":"branch","line":6,"loc":{"start":{"line":6,"column":26},"end":{"line":19,"column":2}},"locations":[{"start":{"line":6,"column":26},"end":{"line":19,"column":2}}]}},"b":{"0":[22]},"fnMap":{"0":{"name":"IconButton","decl":{"start":{"line":6,"column":26},"end":{"line":19,"column":2}},"loc":{"start":{"line":6,"column":26},"end":{"line":19,"column":2}},"line":6}},"f":{"0":22}}
,"C:\\Users\\teh_z\\awx\\broccoli-co\\src\\components\\Input.tsx": {"path":"C:\\Users\\teh_z\\awx\\broccoli-co\\src\\components\\Input.tsx","all":false,"statementMap":{"23":{"start":{"line":24,"column":0},"end":{"line":24,"column":23}},"24":{"start":{"line":25,"column":0},"end":{"line":25,"column":12}},"25":{"start":{"line":26,"column":0},"end":{"line":26,"column":14}},"26":{"start":{"line":27,"column":0},"end":{"line":27,"column":11}},"27":{"start":{"line":28,"column":0},"end":{"line":28,"column":8}},"28":{"start":{"line":29,"column":0},"end":{"line":29,"column":8}},"29":{"start":{"line":30,"column":0},"end":{"line":30,"column":19}},"30":{"start":{"line":31,"column":0},"end":{"line":31,"column":48}},"31":{"start":{"line":32,"column":0},"end":{"line":32,"column":21}},"32":{"start":{"line":33,"column":0},"end":{"line":33,"column":38}},"33":{"start":{"line":34,"column":0},"end":{"line":34,"column":83}},"35":{"start":{"line":36,"column":0},"end":{"line":36,"column":10}},"36":{"start":{"line":37,"column":0},"end":{"line":37,"column":9}},"37":{"start":{"line":38,"column":0},"end":{"line":38,"column":12}},"38":{"start":{"line":39,"column":0},"end":{"line":39,"column":40}},"39":{"start":{"line":40,"column":0},"end":{"line":40,"column":22}},"40":{"start":{"line":41,"column":0},"end":{"line":41,"column":24}},"41":{"start":{"line":42,"column":0},"end":{"line":42,"column":27}},"42":{"start":{"line":43,"column":0},"end":{"line":43,"column":58}},"43":{"start":{"line":44,"column":0},"end":{"line":44,"column":33}},"44":{"start":{"line":45,"column":0},"end":{"line":45,"column":8}},"45":{"start":{"line":46,"column":0},"end":{"line":46,"column":17}},"46":{"start":{"line":47,"column":0},"end":{"line":47,"column":79}},"48":{"start":{"line":49,"column":0},"end":{"line":49,"column":10}},"50":{"start":{"line":51,"column":0},"end":{"line":51,"column":2}}},"s":{"23":1,"24":106,"25":106,"26":106,"27":106,"28":106,"29":106,"30":106,"31":106,"32":8,"33":98,"35":106,"36":106,"37":106,"38":106,"39":106,"40":106,"41":106,"42":106,"43":106,"44":106,"45":106,"46":8,"48":106,"50":106},"branchMap":{"0":{"type":"branch","line":24,"loc":{"start":{"line":24,"column":21},"end":{"line":51,"column":2}},"locations":[{"start":{"line":24,"column":21},"end":{"line":51,"column":2}}]},"1":{"type":"branch","line":32,"loc":{"start":{"line":32,"column":16},"end":{"line":33,"column":38}},"locations":[{"start":{"line":32,"column":16},"end":{"line":33,"column":38}}]},"2":{"type":"branch","line":33,"loc":{"start":{"line":33,"column":6},"end":{"line":34,"column":83}},"locations":[{"start":{"line":33,"column":6},"end":{"line":34,"column":83}}]},"3":{"type":"branch","line":42,"loc":{"start":{"line":42,"column":15},"end":{"line":42,"column":27}},"locations":[{"start":{"line":42,"column":15},"end":{"line":42,"column":27}}]},"4":{"type":"branch","line":46,"loc":{"start":{"line":46,"column":7},"end":{"line":47,"column":79}},"locations":[{"start":{"line":46,"column":7},"end":{"line":47,"column":79}}]},"5":{"type":"branch","line":43,"loc":{"start":{"line":43,"column":18},"end":{"line":43,"column":58}},"locations":[{"start":{"line":43,"column":18},"end":{"line":43,"column":58}}]}},"b":{"0":[106],"1":[8],"2":[98],"3":[54],"4":[8],"5":[17]},"fnMap":{"0":{"name":"Input","decl":{"start":{"line":24,"column":21},"end":{"line":51,"column":2}},"loc":{"start":{"line":24,"column":21},"end":{"line":51,"column":2}},"line":24},"1":{"name":"onChange","decl":{"start":{"line":43,"column":18},"end":{"line":43,"column":58}},"loc":{"start":{"line":43,"column":18},"end":{"line":43,"column":58}},"line":43}},"f":{"0":106,"1":17}}
,"C:\\Users\\teh_z\\awx\\broccoli-co\\src\\components\\Loading.tsx": {"path":"C:\\Users\\teh_z\\awx\\broccoli-co\\src\\components\\Loading.tsx","all":false,"statementMap":{"3":{"start":{"line":4,"column":0},"end":{"line":4,"column":30}},"4":{"start":{"line":5,"column":0},"end":{"line":5,"column":6}},"5":{"start":{"line":6,"column":0},"end":{"line":6,"column":48}},"6":{"start":{"line":7,"column":0},"end":{"line":7,"column":17}},"7":{"start":{"line":8,"column":0},"end":{"line":8,"column":22}},"8":{"start":{"line":9,"column":0},"end":{"line":9,"column":20}},"10":{"start":{"line":11,"column":0},"end":{"line":11,"column":84}},"11":{"start":{"line":12,"column":0},"end":{"line":12,"column":8}}},"s":{"3":1,"4":9,"5":9,"6":9,"7":9,"8":9,"10":9,"11":9},"branchMap":{"0":{"type":"branch","line":4,"loc":{"start":{"line":4,"column":23},"end":{"line":12,"column":8}},"locations":[{"start":{"line":4,"column":23},"end":{"line":12,"column":8}}]}},"b":{"0":[9]},"fnMap":{"0":{"name":"Loading","decl":{"start":{"line":4,"column":23},"end":{"line":12,"column":8}},"loc":{"start":{"line":4,"column":23},"end":{"line":12,"column":8}},"line":4}},"f":{"0":9}}
,"C:\\Users\\teh_z\\awx\\broccoli-co\\src\\components\\Modal.tsx": {"path":"C:\\Users\\teh_z\\awx\\broccoli-co\\src\\components\\Modal.tsx","all":false,"statementMap":{"0":{"start":{"line":1,"column":0},"end":{"line":1,"column":44}},"1":{"start":{"line":2,"column":0},"end":{"line":2,"column":33}},"3":{"start":{"line":4,"column":0},"end":{"line":4,"column":39}},"4":{"start":{"line":5,"column":0},"end":{"line":5,"column":42}},"31":{"start":{"line":32,"column":0},"end":{"line":32,"column":76}},"32":{"start":{"line":33,"column":0},"end":{"line":33,"column":56}},"33":{"start":{"line":34,"column":0},"end":{"line":34,"column":58}},"35":{"start":{"line":36,"column":0},"end":{"line":36,"column":59}},"36":{"start":{"line":37,"column":0},"end":{"line":37,"column":19}},"37":{"start":{"line":38,"column":0},"end":{"line":38,"column":18}},"38":{"start":{"line":39,"column":0},"end":{"line":39,"column":46}},"39":{"start":{"line":40,"column":0},"end":{"line":40,"column":12}},"40":{"start":{"line":41,"column":0},"end":{"line":41,"column":44}},"41":{"start":{"line":42,"column":0},"end":{"line":42,"column":5}},"42":{"start":{"line":43,"column":0},"end":{"line":43,"column":18}},"43":{"start":{"line":44,"column":0},"end":{"line":44,"column":44}},"44":{"start":{"line":45,"column":0},"end":{"line":45,"column":6}},"45":{"start":{"line":46,"column":0},"end":{"line":46,"column":16}},"47":{"start":{"line":48,"column":0},"end":{"line":48,"column":19}},"48":{"start":{"line":49,"column":0},"end":{"line":49,"column":18}},"49":{"start":{"line":50,"column":0},"end":{"line":50,"column":57}},"50":{"start":{"line":51,"column":0},"end":{"line":51,"column":81}},"51":{"start":{"line":52,"column":0},"end":{"line":52,"column":56}},"52":{"start":{"line":53,"column":0},"end":{"line":53,"column":12}},"53":{"start":{"line":54,"column":0},"end":{"line":54,"column":58}},"54":{"start":{"line":55,"column":0},"end":{"line":55,"column":83}},"55":{"start":{"line":56,"column":0},"end":{"line":56,"column":56}},"56":{"start":{"line":57,"column":0},"end":{"line":57,"column":5}},"57":{"start":{"line":58,"column":0},"end":{"line":58,"column":25}},"59":{"start":{"line":60,"column":0},"end":{"line":60,"column":47}},"61":{"start":{"line":62,"column":0},"end":{"line":62,"column":10}},"62":{"start":{"line":63,"column":0},"end":{"line":63,"column":16}},"63":{"start":{"line":64,"column":0},"end":{"line":64,"column":26}},"64":{"start":{"line":65,"column":0},"end":{"line":65,"column":10}},"65":{"start":{"line":66,"column":0},"end":{"line":66,"column":110}},"66":{"start":{"line":67,"column":0},"end":{"line":67,"column":61}},"67":{"start":{"line":68,"column":0},"end":{"line":68,"column":9}},"70":{"start":{"line":71,"column":0},"end":{"line":71,"column":12}},"71":{"start":{"line":72,"column":0},"end":{"line":72,"column":23}},"72":{"start":{"line":73,"column":0},"end":{"line":73,"column":107}},"73":{"start":{"line":74,"column":0},"end":{"line":74,"column":72}},"74":{"start":{"line":75,"column":0},"end":{"line":75,"column":13}},"76":{"start":{"line":77,"column":0},"end":{"line":77,"column":105}},"77":{"start":{"line":78,"column":0},"end":{"line":78,"column":19}},"78":{"start":{"line":79,"column":0},"end":{"line":79,"column":57}},"79":{"start":{"line":80,"column":0},"end":{"line":80,"column":27}},"80":{"start":{"line":81,"column":0},"end":{"line":81,"column":46}},"81":{"start":{"line":82,"column":0},"end":{"line":82,"column":58}},"82":{"start":{"line":83,"column":0},"end":{"line":83,"column":29}},"84":{"start":{"line":85,"column":0},"end":{"line":85,"column":18}},"85":{"start":{"line":86,"column":0},"end":{"line":86,"column":16}},"86":{"start":{"line":87,"column":0},"end":{"line":87,"column":46}},"87":{"start":{"line":88,"column":0},"end":{"line":88,"column":14}},"88":{"start":{"line":89,"column":0},"end":{"line":89,"column":13}},"89":{"start":{"line":90,"column":0},"end":{"line":90,"column":16}},"90":{"start":{"line":91,"column":0},"end":{"line":91,"column":5}},"92":{"start":{"line":93,"column":0},"end":{"line":93,"column":2}}},"s":{"0":1,"1":1,"3":1,"4":1,"31":1,"32":16,"33":16,"35":16,"36":16,"37":8,"38":5,"39":8,"40":3,"41":3,"42":8,"43":8,"44":8,"45":16,"47":16,"48":8,"49":5,"50":5,"51":5,"52":8,"53":3,"54":3,"55":3,"56":3,"57":16,"59":16,"61":8,"62":8,"63":8,"64":8,"65":8,"66":8,"67":8,"70":8,"71":8,"72":8,"73":8,"74":8,"76":8,"77":8,"78":8,"79":8,"80":8,"81":8,"82":8,"84":8,"85":8,"86":8,"87":8,"88":8,"89":8,"90":8,"92":16},"branchMap":{"0":{"type":"branch","line":32,"loc":{"start":{"line":32,"column":21},"end":{"line":93,"column":2}},"locations":[{"start":{"line":32,"column":21},"end":{"line":93,"column":2}}]},"1":{"type":"branch","line":60,"loc":{"start":{"line":60,"column":7},"end":{"line":60,"column":35}},"locations":[{"start":{"line":60,"column":7},"end":{"line":60,"column":35}}]},"2":{"type":"branch","line":60,"loc":{"start":{"line":60,"column":35},"end":{"line":91,"column":5}},"locations":[{"start":{"line":60,"column":35},"end":{"line":91,"column":5}}]},"3":{"type":"branch","line":67,"loc":{"start":{"line":67,"column":10},"end":{"line":67,"column":40}},"locations":[{"start":{"line":67,"column":10},"end":{"line":67,"column":40}}]},"4":{"type":"branch","line":67,"loc":{"start":{"line":67,"column":24},"end":{"line":67,"column":61}},"locations":[{"start":{"line":67,"column":24},"end":{"line":67,"column":61}}]},"5":{"type":"branch","line":74,"loc":{"start":{"line":74,"column":12},"end":{"line":74,"column":52}},"locations":[{"start":{"line":74,"column":12},"end":{"line":74,"column":52}}]},"6":{"type":"branch","line":74,"loc":{"start":{"line":74,"column":26},"end":{"line":74,"column":72}},"locations":[{"start":{"line":74,"column":26},"end":{"line":74,"column":72}}]},"7":{"type":"branch","line":37,"loc":{"start":{"line":37,"column":12},"end":{"line":46,"column":5}},"locations":[{"start":{"line":37,"column":12},"end":{"line":46,"column":5}}]},"8":{"type":"branch","line":38,"loc":{"start":{"line":38,"column":17},"end":{"line":40,"column":11}},"locations":[{"start":{"line":38,"column":17},"end":{"line":40,"column":11}}]},"9":{"type":"branch","line":40,"loc":{"start":{"line":40,"column":4},"end":{"line":42,"column":5}},"locations":[{"start":{"line":40,"column":4},"end":{"line":42,"column":5}}]},"10":{"type":"branch","line":43,"loc":{"start":{"line":43,"column":11},"end":{"line":45,"column":6}},"locations":[{"start":{"line":43,"column":11},"end":{"line":45,"column":6}}]},"11":{"type":"branch","line":48,"loc":{"start":{"line":48,"column":12},"end":{"line":58,"column":5}},"locations":[{"start":{"line":48,"column":12},"end":{"line":58,"column":5}}]},"12":{"type":"branch","line":49,"loc":{"start":{"line":49,"column":17},"end":{"line":53,"column":11}},"locations":[{"start":{"line":49,"column":17},"end":{"line":53,"column":11}}]},"13":{"type":"branch","line":53,"loc":{"start":{"line":53,"column":4},"end":{"line":57,"column":5}},"locations":[{"start":{"line":53,"column":4},"end":{"line":57,"column":5}}]},"14":{"type":"branch","line":51,"loc":{"start":{"line":51,"column":31},"end":{"line":51,"column":59}},"locations":[{"start":{"line":51,"column":31},"end":{"line":51,"column":59}}]},"15":{"type":"branch","line":52,"loc":{"start":{"line":52,"column":13},"end":{"line":52,"column":56}},"locations":[{"start":{"line":52,"column":13},"end":{"line":52,"column":56}}]},"16":{"type":"branch","line":55,"loc":{"start":{"line":55,"column":31},"end":{"line":55,"column":61}},"locations":[{"start":{"line":55,"column":31},"end":{"line":55,"column":61}}]},"17":{"type":"branch","line":56,"loc":{"start":{"line":56,"column":13},"end":{"line":56,"column":56}},"locations":[{"start":{"line":56,"column":13},"end":{"line":56,"column":56}}]}},"b":{"0":[16],"1":[8],"2":[8],"3":[2],"4":[6],"5":[2],"6":[6],"7":[8],"8":[5],"9":[3],"10":[8],"11":[8],"12":[5],"13":[3],"14":[1],"15":[5],"16":[1],"17":[3]},"fnMap":{"0":{"name":"Modal","decl":{"start":{"line":32,"column":21},"end":{"line":93,"column":2}},"loc":{"start":{"line":32,"column":21},"end":{"line":93,"column":2}},"line":32}},"f":{"0":16}}
,"C:\\Users\\teh_z\\awx\\broccoli-co\\src\\components\\Toast.tsx": {"path":"C:\\Users\\teh_z\\awx\\broccoli-co\\src\\components\\Toast.tsx","all":false,"statementMap":{"0":{"start":{"line":1,"column":0},"end":{"line":1,"column":44}},"1":{"start":{"line":2,"column":0},"end":{"line":2,"column":33}},"3":{"start":{"line":4,"column":0},"end":{"line":4,"column":39}},"4":{"start":{"line":5,"column":0},"end":{"line":5,"column":42}},"33":{"start":{"line":34,"column":0},"end":{"line":34,"column":23}},"34":{"start":{"line":35,"column":0},"end":{"line":35,"column":10}},"35":{"start":{"line":36,"column":0},"end":{"line":36,"column":10}},"36":{"start":{"line":37,"column":0},"end":{"line":37,"column":10}},"37":{"start":{"line":38,"column":0},"end":{"line":38,"column":18}},"38":{"start":{"line":39,"column":0},"end":{"line":39,"column":19}},"39":{"start":{"line":40,"column":0},"end":{"line":40,"column":54}},"40":{"start":{"line":41,"column":0},"end":{"line":41,"column":66}},"42":{"start":{"line":43,"column":0},"end":{"line":43,"column":56}},"43":{"start":{"line":44,"column":0},"end":{"line":44,"column":58}},"45":{"start":{"line":46,"column":0},"end":{"line":46,"column":19}},"46":{"start":{"line":47,"column":0},"end":{"line":47,"column":18}},"47":{"start":{"line":48,"column":0},"end":{"line":48,"column":57}},"48":{"start":{"line":49,"column":0},"end":{"line":49,"column":81}},"49":{"start":{"line":50,"column":0},"end":{"line":50,"column":56}},"50":{"start":{"line":51,"column":0},"end":{"line":51,"column":12}},"51":{"start":{"line":52,"column":0},"end":{"line":52,"column":58}},"52":{"start":{"line":53,"column":0},"end":{"line":53,"column":83}},"53":{"start":{"line":54,"column":0},"end":{"line":54,"column":56}},"54":{"start":{"line":55,"column":0},"end":{"line":55,"column":5}},"55":{"start":{"line":56,"column":0},"end":{"line":56,"column":35}},"60":{"start":{"line":61,"column":0},"end":{"line":61,"column":19}},"61":{"start":{"line":62,"column":0},"end":{"line":62,"column":18}},"62":{"start":{"line":63,"column":0},"end":{"line":63,"column":75}},"63":{"start":{"line":64,"column":0},"end":{"line":64,"column":56}},"64":{"start":{"line":65,"column":0},"end":{"line":65,"column":5}},"65":{"start":{"line":66,"column":0},"end":{"line":66,"column":35}},"67":{"start":{"line":68,"column":0},"end":{"line":68,"column":42}},"69":{"start":{"line":70,"column":0},"end":{"line":70,"column":31}},"70":{"start":{"line":71,"column":0},"end":{"line":71,"column":8}},"71":{"start":{"line":72,"column":0},"end":{"line":72,"column":39}},"73":{"start":{"line":74,"column":0},"end":{"line":74,"column":21}},"74":{"start":{"line":75,"column":0},"end":{"line":75,"column":42}},"75":{"start":{"line":76,"column":0},"end":{"line":76,"column":42}},"76":{"start":{"line":77,"column":0},"end":{"line":77,"column":16}},"78":{"start":{"line":79,"column":0},"end":{"line":79,"column":35}},"79":{"start":{"line":80,"column":0},"end":{"line":80,"column":36}},"80":{"start":{"line":81,"column":0},"end":{"line":81,"column":38}},"81":{"start":{"line":82,"column":0},"end":{"line":82,"column":19}},"82":{"start":{"line":83,"column":0},"end":{"line":83,"column":11}},"83":{"start":{"line":84,"column":0},"end":{"line":84,"column":9}},"84":{"start":{"line":85,"column":0},"end":{"line":85,"column":4}},"85":{"start":{"line":86,"column":0},"end":{"line":86,"column":2}}},"s":{"0":1,"1":1,"3":1,"4":1,"33":1,"34":18,"35":18,"36":18,"37":18,"38":18,"39":18,"40":18,"42":18,"43":18,"45":18,"46":8,"47":6,"48":6,"49":6,"50":8,"51":2,"52":2,"53":2,"54":2,"55":18,"60":18,"61":8,"62":6,"63":6,"64":6,"65":18,"67":18,"69":10,"70":10,"71":10,"73":10,"74":3,"75":7,"76":18,"78":18,"79":18,"80":18,"81":18,"82":18,"83":18,"84":18,"85":18},"branchMap":{"0":{"type":"branch","line":34,"loc":{"start":{"line":34,"column":21},"end":{"line":86,"column":2}},"locations":[{"start":{"line":34,"column":21},"end":{"line":86,"column":2}}]},"1":{"type":"branch","line":41,"loc":{"start":{"line":41,"column":25},"end":{"line":41,"column":66}},"locations":[{"start":{"line":41,"column":25},"end":{"line":41,"column":66}}]},"2":{"type":"branch","line":68,"loc":{"start":{"line":68,"column":7},"end":{"line":68,"column":30}},"locations":[{"start":{"line":68,"column":7},"end":{"line":68,"column":30}}]},"3":{"type":"branch","line":68,"loc":{"start":{"line":68,"column":30},"end":{"line":68,"column":42}},"locations":[{"start":{"line":68,"column":30},"end":{"line":68,"column":42}}]},"4":{"type":"branch","line":68,"loc":{"start":{"line":68,"column":37},"end":{"line":74,"column":21}},"locations":[{"start":{"line":68,"column":37},"end":{"line":74,"column":21}}]},"5":{"type":"branch","line":74,"loc":{"start":{"line":74,"column":10},"end":{"line":75,"column":42}},"locations":[{"start":{"line":74,"column":10},"end":{"line":75,"column":42}}]},"6":{"type":"branch","line":75,"loc":{"start":{"line":75,"column":14},"end":{"line":76,"column":42}},"locations":[{"start":{"line":75,"column":14},"end":{"line":76,"column":42}}]},"7":{"type":"branch","line":46,"loc":{"start":{"line":46,"column":12},"end":{"line":56,"column":5}},"locations":[{"start":{"line":46,"column":12},"end":{"line":56,"column":5}}]},"8":{"type":"branch","line":47,"loc":{"start":{"line":47,"column":17},"end":{"line":51,"column":11}},"locations":[{"start":{"line":47,"column":17},"end":{"line":51,"column":11}}]},"9":{"type":"branch","line":51,"loc":{"start":{"line":51,"column":4},"end":{"line":55,"column":5}},"locations":[{"start":{"line":51,"column":4},"end":{"line":55,"column":5}}]},"10":{"type":"branch","line":49,"loc":{"start":{"line":49,"column":31},"end":{"line":49,"column":59}},"locations":[{"start":{"line":49,"column":31},"end":{"line":49,"column":59}}]},"11":{"type":"branch","line":50,"loc":{"start":{"line":50,"column":13},"end":{"line":50,"column":56}},"locations":[{"start":{"line":50,"column":13},"end":{"line":50,"column":56}}]},"12":{"type":"branch","line":53,"loc":{"start":{"line":53,"column":31},"end":{"line":53,"column":61}},"locations":[{"start":{"line":53,"column":31},"end":{"line":53,"column":61}}]},"13":{"type":"branch","line":54,"loc":{"start":{"line":54,"column":13},"end":{"line":54,"column":56}},"locations":[{"start":{"line":54,"column":13},"end":{"line":54,"column":56}}]},"14":{"type":"branch","line":61,"loc":{"start":{"line":61,"column":12},"end":{"line":66,"column":5}},"locations":[{"start":{"line":61,"column":12},"end":{"line":66,"column":5}}]},"15":{"type":"branch","line":62,"loc":{"start":{"line":62,"column":17},"end":{"line":65,"column":5}},"locations":[{"start":{"line":62,"column":17},"end":{"line":65,"column":5}}]},"16":{"type":"branch","line":63,"loc":{"start":{"line":63,"column":31},"end":{"line":63,"column":48}},"locations":[{"start":{"line":63,"column":31},"end":{"line":63,"column":48}}]},"17":{"type":"branch","line":64,"loc":{"start":{"line":64,"column":13},"end":{"line":64,"column":56}},"locations":[{"start":{"line":64,"column":13},"end":{"line":64,"column":56}}]}},"b":{"0":[18],"1":[2],"2":[10],"3":[8],"4":[10],"5":[3],"6":[7],"7":[8],"8":[6],"9":[2],"10":[2],"11":[6],"12":[1],"13":[2],"14":[8],"15":[6],"16":[1],"17":[6]},"fnMap":{"0":{"name":"Toast","decl":{"start":{"line":34,"column":21},"end":{"line":86,"column":2}},"loc":{"start":{"line":34,"column":21},"end":{"line":86,"column":2}},"line":34}},"f":{"0":18}}
,"C:\\Users\\teh_z\\awx\\broccoli-co\\src\\components\\index.tsx": {"path":"C:\\Users\\teh_z\\awx\\broccoli-co\\src\\components\\index.tsx","all":false,"statementMap":{"0":{"start":{"line":1,"column":0},"end":{"line":1,"column":34}},"1":{"start":{"line":2,"column":0},"end":{"line":2,"column":34}},"2":{"start":{"line":3,"column":0},"end":{"line":3,"column":34}},"3":{"start":{"line":4,"column":0},"end":{"line":4,"column":32}},"4":{"start":{"line":5,"column":0},"end":{"line":5,"column":42}},"5":{"start":{"line":6,"column":0},"end":{"line":6,"column":32}},"6":{"start":{"line":7,"column":0},"end":{"line":7,"column":32}},"7":{"start":{"line":8,"column":0},"end":{"line":8,"column":36}}},"s":{"0":1,"1":1,"2":1,"3":1,"4":1,"5":1,"6":1,"7":1},"branchMap":{},"b":{},"fnMap":{},"f":{}}
,"C:\\Users\\teh_z\\awx\\broccoli-co\\src\\pages\\RequestInvitation\\SubmitResult.tsx": {"path":"C:\\Users\\teh_z\\awx\\broccoli-co\\src\\pages\\RequestInvitation\\SubmitResult.tsx","all":false,"statementMap":{"0":{"start":{"line":1,"column":0},"end":{"line":1,"column":42}},"6":{"start":{"line":7,"column":0},"end":{"line":7,"column":69}},"7":{"start":{"line":8,"column":0},"end":{"line":8,"column":10}},"8":{"start":{"line":9,"column":0},"end":{"line":9,"column":42}},"9":{"start":{"line":10,"column":0},"end":{"line":10,"column":55}},"12":{"start":{"line":13,"column":0},"end":{"line":13,"column":10}},"13":{"start":{"line":14,"column":0},"end":{"line":14,"column":42}},"15":{"start":{"line":16,"column":0},"end":{"line":16,"column":15}},"16":{"start":{"line":17,"column":0},"end":{"line":17,"column":10}},"18":{"start":{"line":19,"column":0},"end":{"line":19,"column":2}}},"s":{"0":1,"6":1,"7":5,"8":5,"9":5,"12":5,"13":5,"15":5,"16":5,"18":5},"branchMap":{"0":{"type":"branch","line":7,"loc":{"start":{"line":7,"column":28},"end":{"line":19,"column":2}},"locations":[{"start":{"line":7,"column":28},"end":{"line":19,"column":2}}]}},"b":{"0":[5]},"fnMap":{"0":{"name":"SubmitResult","decl":{"start":{"line":7,"column":28},"end":{"line":19,"column":2}},"loc":{"start":{"line":7,"column":28},"end":{"line":19,"column":2}},"line":7}},"f":{"0":5}}
,"C:\\Users\\teh_z\\awx\\broccoli-co\\src\\pages\\RequestInvitation\\UserEmailForm.tsx": {"path":"C:\\Users\\teh_z\\awx\\broccoli-co\\src\\pages\\RequestInvitation\\UserEmailForm.tsx","all":false,"statementMap":{"0":{"start":{"line":1,"column":0},"end":{"line":1,"column":33}},"2":{"start":{"line":3,"column":0},"end":{"line":3,"column":49}},"3":{"start":{"line":4,"column":0},"end":{"line":4,"column":73}},"17":{"start":{"line":18,"column":0},"end":{"line":18,"column":31}},"18":{"start":{"line":19,"column":0},"end":{"line":19,"column":12}},"19":{"start":{"line":20,"column":0},"end":{"line":20,"column":16}},"20":{"start":{"line":21,"column":0},"end":{"line":21,"column":27}},"21":{"start":{"line":22,"column":0},"end":{"line":22,"column":72}},"22":{"start":{"line":23,"column":0},"end":{"line":23,"column":66}},"23":{"start":{"line":24,"column":0},"end":{"line":24,"column":67}},"25":{"start":{"line":26,"column":0},"end":{"line":26,"column":22}},"26":{"start":{"line":27,"column":0},"end":{"line":27,"column":18}},"27":{"start":{"line":28,"column":0},"end":{"line":28,"column":43}},"28":{"start":{"line":29,"column":0},"end":{"line":29,"column":8}},"29":{"start":{"line":30,"column":0},"end":{"line":30,"column":31}},"30":{"start":{"line":31,"column":0},"end":{"line":31,"column":42}},"31":{"start":{"line":32,"column":0},"end":{"line":32,"column":30}},"32":{"start":{"line":33,"column":0},"end":{"line":33,"column":23}},"33":{"start":{"line":34,"column":0},"end":{"line":34,"column":7}},"34":{"start":{"line":35,"column":0},"end":{"line":35,"column":52}},"35":{"start":{"line":36,"column":0},"end":{"line":36,"column":4}},"37":{"start":{"line":38,"column":0},"end":{"line":38,"column":28}},"38":{"start":{"line":39,"column":0},"end":{"line":39,"column":21}},"39":{"start":{"line":40,"column":0},"end":{"line":40,"column":18}},"40":{"start":{"line":41,"column":0},"end":{"line":41,"column":4}},"42":{"start":{"line":43,"column":0},"end":{"line":43,"column":31}},"43":{"start":{"line":44,"column":0},"end":{"line":44,"column":16}},"44":{"start":{"line":45,"column":0},"end":{"line":45,"column":17}},"45":{"start":{"line":46,"column":0},"end":{"line":46,"column":4}},"47":{"start":{"line":48,"column":0},"end":{"line":48,"column":26}},"48":{"start":{"line":49,"column":0},"end":{"line":49,"column":52}},"49":{"start":{"line":50,"column":0},"end":{"line":50,"column":48}},"50":{"start":{"line":51,"column":0},"end":{"line":51,"column":59}},"51":{"start":{"line":52,"column":0},"end":{"line":52,"column":29}},"52":{"start":{"line":53,"column":0},"end":{"line":53,"column":79}},"54":{"start":{"line":55,"column":0},"end":{"line":55,"column":79}},"55":{"start":{"line":56,"column":0},"end":{"line":56,"column":62}},"56":{"start":{"line":57,"column":0},"end":{"line":57,"column":44}},"57":{"start":{"line":58,"column":0},"end":{"line":58,"column":53}},"58":{"start":{"line":59,"column":0},"end":{"line":59,"column":5}},"60":{"start":{"line":61,"column":0},"end":{"line":61,"column":33}},"61":{"start":{"line":62,"column":0},"end":{"line":62,"column":30}},"62":{"start":{"line":63,"column":0},"end":{"line":63,"column":59}},"63":{"start":{"line":64,"column":0},"end":{"line":64,"column":5}},"65":{"start":{"line":66,"column":0},"end":{"line":66,"column":21}},"66":{"start":{"line":67,"column":0},"end":{"line":67,"column":4}},"68":{"start":{"line":69,"column":0},"end":{"line":69,"column":75}},"69":{"start":{"line":70,"column":0},"end":{"line":70,"column":27}},"71":{"start":{"line":72,"column":0},"end":{"line":72,"column":40}},"72":{"start":{"line":73,"column":0},"end":{"line":73,"column":51}},"73":{"start":{"line":74,"column":0},"end":{"line":74,"column":34}},"74":{"start":{"line":75,"column":0},"end":{"line":75,"column":13}},"75":{"start":{"line":76,"column":0},"end":{"line":76,"column":5}},"77":{"start":{"line":78,"column":0},"end":{"line":78,"column":26}},"78":{"start":{"line":79,"column":0},"end":{"line":79,"column":38}},"79":{"start":{"line":80,"column":0},"end":{"line":80,"column":32}},"80":{"start":{"line":81,"column":0},"end":{"line":81,"column":46}},"81":{"start":{"line":82,"column":0},"end":{"line":82,"column":11}},"82":{"start":{"line":83,"column":0},"end":{"line":83,"column":12}},"83":{"start":{"line":84,"column":0},"end":{"line":84,"column":6}},"85":{"start":{"line":86,"column":0},"end":{"line":86,"column":44}},"86":{"start":{"line":87,"column":0},"end":{"line":87,"column":19}},"88":{"start":{"line":89,"column":0},"end":{"line":89,"column":24}},"89":{"start":{"line":90,"column":0},"end":{"line":90,"column":8}},"90":{"start":{"line":91,"column":0},"end":{"line":91,"column":21}},"91":{"start":{"line":92,"column":0},"end":{"line":92,"column":33}},"92":{"start":{"line":93,"column":0},"end":{"line":93,"column":8}},"93":{"start":{"line":94,"column":0},"end":{"line":94,"column":22}},"94":{"start":{"line":95,"column":0},"end":{"line":95,"column":31}},"95":{"start":{"line":96,"column":0},"end":{"line":96,"column":9}},"96":{"start":{"line":97,"column":0},"end":{"line":97,"column":4}},"98":{"start":{"line":99,"column":0},"end":{"line":99,"column":30}},"99":{"start":{"line":100,"column":0},"end":{"line":100,"column":12}},"100":{"start":{"line":101,"column":0},"end":{"line":101,"column":57}},"102":{"start":{"line":103,"column":0},"end":{"line":103,"column":15}},"104":{"start":{"line":105,"column":0},"end":{"line":105,"column":4}},"106":{"start":{"line":107,"column":0},"end":{"line":107,"column":10}},"107":{"start":{"line":108,"column":0},"end":{"line":108,"column":42}},"108":{"start":{"line":109,"column":0},"end":{"line":109,"column":59}},"109":{"start":{"line":110,"column":0},"end":{"line":110,"column":35}},"110":{"start":{"line":111,"column":0},"end":{"line":111,"column":16}},"111":{"start":{"line":112,"column":0},"end":{"line":112,"column":35}},"112":{"start":{"line":113,"column":0},"end":{"line":113,"column":65}},"113":{"start":{"line":114,"column":0},"end":{"line":114,"column":35}},"114":{"start":{"line":115,"column":0},"end":{"line":115,"column":59}},"115":{"start":{"line":116,"column":0},"end":{"line":116,"column":32}},"116":{"start":{"line":117,"column":0},"end":{"line":117,"column":12}},"117":{"start":{"line":118,"column":0},"end":{"line":118,"column":16}},"118":{"start":{"line":119,"column":0},"end":{"line":119,"column":31}},"119":{"start":{"line":120,"column":0},"end":{"line":120,"column":66}},"120":{"start":{"line":121,"column":0},"end":{"line":121,"column":36}},"121":{"start":{"line":122,"column":0},"end":{"line":122,"column":60}},"122":{"start":{"line":123,"column":0},"end":{"line":123,"column":33}},"123":{"start":{"line":124,"column":0},"end":{"line":124,"column":12}},"124":{"start":{"line":125,"column":0},"end":{"line":125,"column":16}},"125":{"start":{"line":126,"column":0},"end":{"line":126,"column":39}},"126":{"start":{"line":127,"column":0},"end":{"line":127,"column":73}},"127":{"start":{"line":128,"column":0},"end":{"line":128,"column":43}},"128":{"start":{"line":129,"column":0},"end":{"line":129,"column":67}},"129":{"start":{"line":130,"column":0},"end":{"line":130,"column":40}},"130":{"start":{"line":131,"column":0},"end":{"line":131,"column":12}},"131":{"start":{"line":132,"column":0},"end":{"line":132,"column":14}},"132":{"start":{"line":133,"column":0},"end":{"line":133,"column":24}},"133":{"start":{"line":134,"column":0},"end":{"line":134,"column":13}},"134":{"start":{"line":135,"column":0},"end":{"line":135,"column":10}},"136":{"start":{"line":137,"column":0},"end":{"line":137,"column":2}}},"s":{"0":1,"2":1,"3":1,"17":1,"18":33,"19":33,"20":33,"21":33,"22":33,"23":33,"25":33,"26":16,"27":16,"28":16,"29":16,"30":16,"31":16,"32":16,"33":16,"34":16,"35":16,"37":33,"38":1,"39":1,"40":1,"42":33,"43":1,"44":1,"45":1,"47":33,"48":7,"49":7,"50":7,"51":6,"52":6,"54":7,"55":7,"56":5,"57":1,"58":1,"60":7,"61":1,"62":1,"63":1,"65":7,"66":7,"68":33,"69":7,"71":7,"72":7,"73":5,"74":5,"75":5,"77":2,"78":2,"79":7,"80":2,"81":2,"82":2,"83":2,"85":2,"86":2,"88":1,"89":2,"90":2,"91":1,"92":2,"93":2,"94":2,"95":2,"96":7,"98":33,"99":33,"100":33,"102":33,"104":33,"106":33,"107":33,"108":33,"109":33,"110":33,"111":33,"112":33,"113":33,"114":33,"115":33,"116":33,"117":33,"118":33,"119":33,"120":33,"121":33,"122":33,"123":33,"124":33,"125":33,"126":33,"127":33,"128":33,"129":33,"130":33,"131":33,"132":33,"133":33,"134":33,"136":33},"branchMap":{"0":{"type":"branch","line":18,"loc":{"start":{"line":18,"column":29},"end":{"line":137,"column":2}},"locations":[{"start":{"line":18,"column":29},"end":{"line":137,"column":2}}]},"1":{"type":"branch","line":26,"loc":{"start":{"line":26,"column":21},"end":{"line":36,"column":4}},"locations":[{"start":{"line":26,"column":21},"end":{"line":36,"column":4}}]},"2":{"type":"branch","line":30,"loc":{"start":{"line":30,"column":14},"end":{"line":34,"column":5}},"locations":[{"start":{"line":30,"column":14},"end":{"line":34,"column":5}}]},"3":{"type":"branch","line":35,"loc":{"start":{"line":35,"column":17},"end":{"line":35,"column":50}},"locations":[{"start":{"line":35,"column":17},"end":{"line":35,"column":50}}]},"4":{"type":"branch","line":38,"loc":{"start":{"line":38,"column":21},"end":{"line":41,"column":4}},"locations":[{"start":{"line":38,"column":21},"end":{"line":41,"column":4}}]},"5":{"type":"branch","line":43,"loc":{"start":{"line":43,"column":24},"end":{"line":46,"column":4}},"locations":[{"start":{"line":43,"column":24},"end":{"line":46,"column":4}}]},"6":{"type":"branch","line":48,"loc":{"start":{"line":48,"column":19},"end":{"line":67,"column":4}},"locations":[{"start":{"line":48,"column":19},"end":{"line":67,"column":4}}]},"7":{"type":"branch","line":51,"loc":{"start":{"line":51,"column":15},"end":{"line":51,"column":59}},"locations":[{"start":{"line":51,"column":15},"end":{"line":51,"column":59}}]},"8":{"type":"branch","line":51,"loc":{"start":{"line":51,"column":32},"end":{"line":53,"column":79}},"locations":[{"start":{"line":51,"column":32},"end":{"line":53,"column":79}}]},"9":{"type":"branch","line":53,"loc":{"start":{"line":53,"column":6},"end":{"line":53,"column":79}},"locations":[{"start":{"line":53,"column":6},"end":{"line":53,"column":79}}]},"10":{"type":"branch","line":56,"loc":{"start":{"line":56,"column":16},"end":{"line":56,"column":62}},"locations":[{"start":{"line":56,"column":16},"end":{"line":56,"column":62}}]},"11":{"type":"branch","line":56,"loc":{"start":{"line":56,"column":34},"end":{"line":59,"column":5}},"locations":[{"start":{"line":56,"column":34},"end":{"line":59,"column":5}}]},"12":{"type":"branch","line":57,"loc":{"start":{"line":57,"column":43},"end":{"line":59,"column":5}},"locations":[{"start":{"line":57,"column":43},"end":{"line":59,"column":5}}]},"13":{"type":"branch","line":61,"loc":{"start":{"line":61,"column":32},"end":{"line":64,"column":5}},"locations":[{"start":{"line":61,"column":32},"end":{"line":64,"column":5}}]},"14":{"type":"branch","line":69,"loc":{"start":{"line":69,"column":23},"end":{"line":97,"column":4}},"locations":[{"start":{"line":69,"column":23},"end":{"line":97,"column":4}}]},"15":{"type":"branch","line":73,"loc":{"start":{"line":73,"column":50},"end":{"line":76,"column":5}},"locations":[{"start":{"line":73,"column":50},"end":{"line":76,"column":5}}]},"16":{"type":"branch","line":76,"loc":{"start":{"line":76,"column":4},"end":{"line":80,"column":25}},"locations":[{"start":{"line":76,"column":4},"end":{"line":80,"column":25}}]},"17":{"type":"branch","line":80,"loc":{"start":{"line":80,"column":25},"end":{"line":80,"column":32}},"locations":[{"start":{"line":80,"column":25},"end":{"line":80,"column":32}}]},"18":{"type":"branch","line":80,"loc":{"start":{"line":80,"column":25},"end":{"line":96,"column":9}},"locations":[{"start":{"line":80,"column":25},"end":{"line":96,"column":9}}]},"19":{"type":"branch","line":87,"loc":{"start":{"line":87,"column":12},"end":{"line":90,"column":7}},"locations":[{"start":{"line":87,"column":12},"end":{"line":90,"column":7}}]},"20":{"type":"branch","line":91,"loc":{"start":{"line":91,"column":13},"end":{"line":93,"column":7}},"locations":[{"start":{"line":91,"column":13},"end":{"line":93,"column":7}}]},"21":{"type":"branch","line":94,"loc":{"start":{"line":94,"column":15},"end":{"line":96,"column":7}},"locations":[{"start":{"line":94,"column":15},"end":{"line":96,"column":7}}]},"22":{"type":"branch","line":99,"loc":{"start":{"line":99,"column":23},"end":{"line":105,"column":4}},"locations":[{"start":{"line":99,"column":23},"end":{"line":105,"column":4}}]},"23":{"type":"branch","line":115,"loc":{"start":{"line":115,"column":22},"end":{"line":115,"column":59}},"locations":[{"start":{"line":115,"column":22},"end":{"line":115,"column":59}}]},"24":{"type":"branch","line":122,"loc":{"start":{"line":122,"column":22},"end":{"line":122,"column":60}},"locations":[{"start":{"line":122,"column":22},"end":{"line":122,"column":60}}]},"25":{"type":"branch","line":129,"loc":{"start":{"line":129,"column":22},"end":{"line":129,"column":67}},"locations":[{"start":{"line":129,"column":22},"end":{"line":129,"column":67}}]}},"b":{"0":[33],"1":[16],"2":[16],"3":[16],"4":[1],"5":[1],"6":[7],"7":[1],"8":[6],"9":[1],"10":[2],"11":[5],"12":[1],"13":[1],"14":[7],"15":[5],"16":[2],"17":[0],"18":[2],"19":[1],"20":[1],"21":[2],"22":[33],"23":[6],"24":[5],"25":[5]},"fnMap":{"0":{"name":"UserEmailForm","decl":{"start":{"line":18,"column":29},"end":{"line":137,"column":2}},"loc":{"start":{"line":18,"column":29},"end":{"line":137,"column":2}},"line":18},"1":{"name":"updateForm","decl":{"start":{"line":26,"column":21},"end":{"line":36,"column":4}},"loc":{"start":{"line":26,"column":21},"end":{"line":36,"column":4}},"line":26},"2":{"name":"clearState","decl":{"start":{"line":38,"column":21},"end":{"line":41,"column":4}},"loc":{"start":{"line":38,"column":21},"end":{"line":41,"column":4}},"line":38},"3":{"name":"handleSuccess","decl":{"start":{"line":43,"column":24},"end":{"line":46,"column":4}},"loc":{"start":{"line":43,"column":24},"end":{"line":46,"column":4}},"line":43},"4":{"name":"validate","decl":{"start":{"line":48,"column":19},"end":{"line":67,"column":4}},"loc":{"start":{"line":48,"column":19},"end":{"line":67,"column":4}},"line":48},"5":{"name":"handleSubmit","decl":{"start":{"line":69,"column":23},"end":{"line":97,"column":4}},"loc":{"start":{"line":69,"column":23},"end":{"line":97,"column":4}},"line":69},"6":{"name":"SubmitButton","decl":{"start":{"line":99,"column":23},"end":{"line":105,"column":4}},"loc":{"start":{"line":99,"column":23},"end":{"line":105,"column":4}},"line":99},"7":{"name":"onChange","decl":{"start":{"line":115,"column":22},"end":{"line":115,"column":59}},"loc":{"start":{"line":115,"column":22},"end":{"line":115,"column":59}},"line":115},"8":{"name":"onChange","decl":{"start":{"line":122,"column":22},"end":{"line":122,"column":60}},"loc":{"start":{"line":122,"column":22},"end":{"line":122,"column":60}},"line":122},"9":{"name":"onChange","decl":{"start":{"line":129,"column":22},"end":{"line":129,"column":67}},"loc":{"start":{"line":129,"column":22},"end":{"line":129,"column":67}},"line":129}},"f":{"0":33,"1":16,"2":1,"3":1,"4":7,"5":7,"6":33,"7":6,"8":5,"9":5}}
,"C:\\Users\\teh_z\\awx\\broccoli-co\\src\\pages\\RequestInvitation\\UserInputModal.tsx": {"path":"C:\\Users\\teh_z\\awx\\broccoli-co\\src\\pages\\RequestInvitation\\UserInputModal.tsx","all":false,"statementMap":{"0":{"start":{"line":1,"column":0},"end":{"line":1,"column":42}},"2":{"start":{"line":3,"column":0},"end":{"line":3,"column":56}},"3":{"start":{"line":4,"column":0},"end":{"line":4,"column":46}},"4":{"start":{"line":5,"column":0},"end":{"line":5,"column":48}},"6":{"start":{"line":7,"column":0},"end":{"line":7,"column":37}},"7":{"start":{"line":8,"column":0},"end":{"line":8,"column":70}},"9":{"start":{"line":10,"column":0},"end":{"line":10,"column":67}},"10":{"start":{"line":11,"column":0},"end":{"line":11,"column":63}},"12":{"start":{"line":13,"column":0},"end":{"line":13,"column":68}},"14":{"start":{"line":15,"column":0},"end":{"line":15,"column":42}},"15":{"start":{"line":16,"column":0},"end":{"line":16,"column":32}},"16":{"start":{"line":17,"column":0},"end":{"line":17,"column":4}},"17":{"start":{"line":18,"column":0},"end":{"line":18,"column":29}},"18":{"start":{"line":19,"column":0},"end":{"line":19,"column":33}},"19":{"start":{"line":20,"column":0},"end":{"line":20,"column":4}},"20":{"start":{"line":21,"column":0},"end":{"line":21,"column":44}},"21":{"start":{"line":22,"column":0},"end":{"line":22,"column":29}},"22":{"start":{"line":23,"column":0},"end":{"line":23,"column":26}},"23":{"start":{"line":24,"column":0},"end":{"line":24,"column":4}},"24":{"start":{"line":25,"column":0},"end":{"line":25,"column":44}},"25":{"start":{"line":26,"column":0},"end":{"line":26,"column":33}},"26":{"start":{"line":27,"column":0},"end":{"line":27,"column":31}},"27":{"start":{"line":28,"column":0},"end":{"line":28,"column":4}},"29":{"start":{"line":30,"column":0},"end":{"line":30,"column":24}},"30":{"start":{"line":31,"column":0},"end":{"line":31,"column":11}},"31":{"start":{"line":32,"column":0},"end":{"line":32,"column":12}},"32":{"start":{"line":33,"column":0},"end":{"line":33,"column":30}},"33":{"start":{"line":34,"column":0},"end":{"line":34,"column":30}},"34":{"start":{"line":35,"column":0},"end":{"line":35,"column":24}},"35":{"start":{"line":36,"column":0},"end":{"line":36,"column":30}},"36":{"start":{"line":37,"column":0},"end":{"line":37,"column":33}},"37":{"start":{"line":38,"column":0},"end":{"line":38,"column":10}},"38":{"start":{"line":39,"column":0},"end":{"line":39,"column":8}},"40":{"start":{"line":41,"column":0},"end":{"line":41,"column":33}},"41":{"start":{"line":42,"column":0},"end":{"line":42,"column":4}},"42":{"start":{"line":43,"column":0},"end":{"line":43,"column":10}},"43":{"start":{"line":44,"column":0},"end":{"line":44,"column":6}},"44":{"start":{"line":45,"column":0},"end":{"line":45,"column":13}},"45":{"start":{"line":46,"column":0},"end":{"line":46,"column":75}},"46":{"start":{"line":47,"column":0},"end":{"line":47,"column":12}},"47":{"start":{"line":48,"column":0},"end":{"line":48,"column":33}},"48":{"start":{"line":49,"column":0},"end":{"line":49,"column":36}},"49":{"start":{"line":50,"column":0},"end":{"line":50,"column":29}},"50":{"start":{"line":51,"column":0},"end":{"line":51,"column":17}},"51":{"start":{"line":52,"column":0},"end":{"line":52,"column":24}},"52":{"start":{"line":53,"column":0},"end":{"line":53,"column":50}},"53":{"start":{"line":54,"column":0},"end":{"line":54,"column":39}},"54":{"start":{"line":55,"column":0},"end":{"line":55,"column":12}},"56":{"start":{"line":57,"column":0},"end":{"line":57,"column":8}},"57":{"start":{"line":58,"column":0},"end":{"line":58,"column":12}},"58":{"start":{"line":59,"column":0},"end":{"line":59,"column":25}},"59":{"start":{"line":60,"column":0},"end":{"line":60,"column":35}},"60":{"start":{"line":61,"column":0},"end":{"line":61,"column":17}},"61":{"start":{"line":62,"column":0},"end":{"line":62,"column":74}},"63":{"start":{"line":64,"column":0},"end":{"line":64,"column":8}},"64":{"start":{"line":65,"column":0},"end":{"line":65,"column":7}},"66":{"start":{"line":67,"column":0},"end":{"line":67,"column":2}}},"s":{"0":1,"2":1,"3":1,"4":1,"6":1,"7":16,"9":16,"10":16,"12":16,"14":16,"15":5,"16":5,"17":16,"18":1,"19":1,"20":16,"21":2,"22":2,"23":2,"24":16,"25":1,"26":1,"27":1,"29":16,"30":16,"31":9,"32":9,"33":9,"34":9,"35":1,"36":1,"37":1,"38":9,"40":16,"41":16,"42":16,"43":16,"44":16,"45":16,"46":16,"47":16,"48":16,"49":16,"50":16,"51":16,"52":16,"53":16,"54":16,"56":16,"57":16,"58":16,"59":16,"60":16,"61":16,"63":16,"64":16,"66":16},"branchMap":{"0":{"type":"branch","line":7,"loc":{"start":{"line":7,"column":30},"end":{"line":67,"column":2}},"locations":[{"start":{"line":7,"column":30},"end":{"line":67,"column":2}}]},"1":{"type":"branch","line":15,"loc":{"start":{"line":15,"column":35},"end":{"line":17,"column":4}},"locations":[{"start":{"line":15,"column":35},"end":{"line":17,"column":4}}]},"2":{"type":"branch","line":18,"loc":{"start":{"line":18,"column":22},"end":{"line":20,"column":4}},"locations":[{"start":{"line":18,"column":22},"end":{"line":20,"column":4}}]},"3":{"type":"branch","line":21,"loc":{"start":{"line":21,"column":22},"end":{"line":24,"column":4}},"locations":[{"start":{"line":21,"column":22},"end":{"line":24,"column":4}}]},"4":{"type":"branch","line":25,"loc":{"start":{"line":25,"column":37},"end":{"line":28,"column":4}},"locations":[{"start":{"line":25,"column":37},"end":{"line":28,"column":4}}]},"5":{"type":"branch","line":31,"loc":{"start":{"line":31,"column":4},"end":{"line":39,"column":8}},"locations":[{"start":{"line":31,"column":4},"end":{"line":39,"column":8}}]},"6":{"type":"branch","line":35,"loc":{"start":{"line":35,"column":17},"end":{"line":38,"column":10}},"locations":[{"start":{"line":35,"column":17},"end":{"line":38,"column":10}}]}},"b":{"0":[16],"1":[5],"2":[1],"3":[2],"4":[1],"5":[9],"6":[1]},"fnMap":{"0":{"name":"UserInputModal","decl":{"start":{"line":7,"column":30},"end":{"line":67,"column":2}},"loc":{"start":{"line":7,"column":30},"end":{"line":67,"column":2}},"line":7},"1":{"name":"handleClickRequestInvite","decl":{"start":{"line":15,"column":35},"end":{"line":17,"column":4}},"loc":{"start":{"line":15,"column":35},"end":{"line":17,"column":4}},"line":15},"2":{"name":"handleClose","decl":{"start":{"line":18,"column":22},"end":{"line":20,"column":4}},"loc":{"start":{"line":18,"column":22},"end":{"line":20,"column":4}},"line":18},"3":{"name":"handleError","decl":{"start":{"line":21,"column":22},"end":{"line":24,"column":4}},"loc":{"start":{"line":21,"column":22},"end":{"line":24,"column":4}},"line":21},"4":{"name":"handleRequestInviteSuccess","decl":{"start":{"line":25,"column":37},"end":{"line":28,"column":4}},"loc":{"start":{"line":25,"column":37},"end":{"line":28,"column":4}},"line":25},"5":{"name":"onClose","decl":{"start":{"line":35,"column":17},"end":{"line":38,"column":10}},"loc":{"start":{"line":35,"column":17},"end":{"line":38,"column":10}},"line":35},"6":{"name":"handleClose","decl":{"start":{"line":62,"column":37},"end":{"line":62,"column":72}},"loc":{"start":{"line":62,"column":37},"end":{"line":62,"column":72}},"line":62}},"f":{"0":16,"1":5,"2":1,"3":2,"4":1,"5":1,"6":0}}
,"C:\\Users\\teh_z\\awx\\broccoli-co\\src\\pages\\RequestInvitation\\index.tsx": {"path":"C:\\Users\\teh_z\\awx\\broccoli-co\\src\\pages\\RequestInvitation\\index.tsx","all":false,"statementMap":{"0":{"start":{"line":1,"column":0},"end":{"line":1,"column":50}},"2":{"start":{"line":3,"column":0},"end":{"line":3,"column":40}},"3":{"start":{"line":4,"column":0},"end":{"line":4,"column":10}},"4":{"start":{"line":5,"column":0},"end":{"line":5,"column":125}},"5":{"start":{"line":6,"column":0},"end":{"line":6,"column":75}},"7":{"start":{"line":8,"column":0},"end":{"line":8,"column":11}},"8":{"start":{"line":9,"column":0},"end":{"line":9,"column":55}},"10":{"start":{"line":11,"column":0},"end":{"line":11,"column":10}},"12":{"start":{"line":13,"column":0},"end":{"line":13,"column":24}},"13":{"start":{"line":14,"column":0},"end":{"line":14,"column":10}},"15":{"start":{"line":16,"column":0},"end":{"line":16,"column":2}}},"s":{"0":1,"2":1,"3":2,"4":2,"5":2,"7":2,"8":2,"10":2,"12":2,"13":2,"15":2},"branchMap":{"0":{"type":"branch","line":3,"loc":{"start":{"line":3,"column":33},"end":{"line":16,"column":2}},"locations":[{"start":{"line":3,"column":33},"end":{"line":16,"column":2}}]}},"b":{"0":[2]},"fnMap":{"0":{"name":"RequestInvitation","decl":{"start":{"line":3,"column":33},"end":{"line":16,"column":2}},"loc":{"start":{"line":3,"column":33},"end":{"line":16,"column":2}},"line":3}},"f":{"0":2}}
,"C:\\Users\\teh_z\\awx\\broccoli-co\\src\\services\\submitRequestInvite.ts": {"path":"C:\\Users\\teh_z\\awx\\broccoli-co\\src\\services\\submitRequestInvite.ts","all":false,"statementMap":{"2":{"start":{"line":3,"column":0},"end":{"line":3,"column":25}},"3":{"start":{"line":4,"column":0},"end":{"line":4,"column":16}},"4":{"start":{"line":5,"column":0},"end":{"line":5,"column":20}},"7":{"start":{"line":8,"column":0},"end":{"line":8,"column":43}},"9":{"start":{"line":10,"column":0},"end":{"line":10,"column":71}},"10":{"start":{"line":11,"column":0},"end":{"line":11,"column":27}},"11":{"start":{"line":12,"column":0},"end":{"line":12,"column":27}},"12":{"start":{"line":13,"column":0},"end":{"line":13,"column":19}},"13":{"start":{"line":14,"column":0},"end":{"line":14,"column":14}},"14":{"start":{"line":15,"column":0},"end":{"line":15,"column":41}},"15":{"start":{"line":16,"column":0},"end":{"line":16,"column":6}},"16":{"start":{"line":17,"column":0},"end":{"line":17,"column":31}},"17":{"start":{"line":18,"column":0},"end":{"line":18,"column":31}},"21":{"start":{"line":22,"column":0},"end":{"line":22,"column":72}},"22":{"start":{"line":23,"column":0},"end":{"line":23,"column":29}},"23":{"start":{"line":24,"column":0},"end":{"line":24,"column":68}},"27":{"start":{"line":28,"column":0},"end":{"line":28,"column":49}},"28":{"start":{"line":29,"column":0},"end":{"line":29,"column":47}},"29":{"start":{"line":30,"column":0},"end":{"line":30,"column":29}},"30":{"start":{"line":31,"column":0},"end":{"line":31,"column":12}},"34":{"start":{"line":35,"column":0},"end":{"line":35,"column":64}},"35":{"start":{"line":36,"column":0},"end":{"line":36,"column":5}},"36":{"start":{"line":37,"column":0},"end":{"line":37,"column":5}},"37":{"start":{"line":38,"column":0},"end":{"line":38,"column":2}}},"s":{"2":2,"3":1,"4":1,"7":1,"9":1,"10":3,"11":3,"12":3,"13":3,"14":3,"15":3,"16":3,"17":3,"21":3,"22":1,"23":3,"27":1,"28":1,"29":1,"30":1,"34":1,"35":1,"36":3,"37":3},"branchMap":{"0":{"type":"branch","line":3,"loc":{"start":{"line":3,"column":0},"end":{"line":3,"column":25}},"locations":[{"start":{"line":3,"column":0},"end":{"line":3,"column":25}}]},"1":{"type":"branch","line":10,"loc":{"start":{"line":10,"column":35},"end":{"line":38,"column":2}},"locations":[{"start":{"line":10,"column":35},"end":{"line":38,"column":2}}]},"2":{"type":"branch","line":18,"loc":{"start":{"line":18,"column":10},"end":{"line":37,"column":3}},"locations":[{"start":{"line":18,"column":10},"end":{"line":37,"column":3}}]},"3":{"type":"branch","line":22,"loc":{"start":{"line":22,"column":71},"end":{"line":24,"column":15}},"locations":[{"start":{"line":22,"column":71},"end":{"line":24,"column":15}}]},"4":{"type":"branch","line":24,"loc":{"start":{"line":24,"column":4},"end":{"line":36,"column":5}},"locations":[{"start":{"line":24,"column":4},"end":{"line":36,"column":5}}]},"5":{"type":"branch","line":24,"loc":{"start":{"line":24,"column":67},"end":{"line":36,"column":5}},"locations":[{"start":{"line":24,"column":67},"end":{"line":36,"column":5}}]}},"b":{"0":[2],"1":[3],"2":[3],"3":[1],"4":[2],"5":[1]},"fnMap":{"0":{"name":"submitRequestInvite","decl":{"start":{"line":10,"column":35},"end":{"line":38,"column":2}},"loc":{"start":{"line":10,"column":35},"end":{"line":38,"column":2}},"line":10}},"f":{"0":3}}
,"C:\\Users\\teh_z\\awx\\broccoli-co\\src\\types\\index.ts": {"path":"C:\\Users\\teh_z\\awx\\broccoli-co\\src\\types\\index.ts","all":true,"statementMap":{},"s":{},"branchMap":{"0":{"type":"branch","line":1,"loc":{"start":{"line":1,"column":72},"end":{"line":4,"column":2}},"locations":[{"start":{"line":1,"column":72},"end":{"line":4,"column":2}}]}},"b":{"0":[1]},"fnMap":{"0":{"name":"(empty-report)","decl":{"start":{"line":1,"column":72},"end":{"line":4,"column":2}},"loc":{"start":{"line":1,"column":72},"end":{"line":4,"column":2}},"line":1}},"f":{"0":1}}
}
